<?xml version="1.0" encoding="UTF-8"?>
<!-- Generated by org.testng.reporters.JUnitXMLReporter -->
<testsuite hostname="TRPRDWUE6GAU-L" ignored="0" name="Default test" tests="5" failures="0" timestamp="02 Dec 2018 15:16:37 GMT" time="4.775" errors="0">
  <testcase name="getJsonResponse" time="0.016" classname="com.qa.resreq.tests.NewGetAPITest"/>
  <testcase name="verfiyAPIStatusCode" time="0.0" classname="com.qa.resreq.tests.NewGetAPITest"/>
  <testcase name="verifyAPIResponseArray" time="0.015" classname="com.qa.resreq.tests.NewGetAPITest"/>
  <testcase name="verifyAPIResponsePerPage" time="0.0" classname="com.qa.resreq.tests.NewGetAPITest"/>
  <testcase name="verifyAPIResponseTotal" time="0.0" classname="com.qa.resreq.tests.NewGetAPITest"/>
</testsuite> <!-- Default test -->
